[2026-03-15 04:09:14] INFO - rskit.core.pipeline: Checking STAR index at /sri/home/sri2025201067/test/STAR_Gmax_index
[2026-03-15 04:09:14] INFO - rskit.core.pipeline: Index found, skipping build
[2026-03-15 04:09:14] INFO - rskit.core.pipeline: Processing sample: lhy-D-rep2
[2026-03-15 04:09:14] INFO - Tool: Aligning lhy-D-rep2 with STAR
[2026-03-15 04:09:14] INFO - Tool: Running: STAR --runThreadN 96 --genomeDir /sri/home/sri2025201067/test/STAR_Gmax_index --readFilesIn /sri/home/sri2025201067/test/lhy-D-rep2_1 /sri/home/sri2025201067/test/lhy-D-rep2_2 --readFilesCommand cat --outFileNamePrefix /sri/home/sri2025201067/test/rnaseq-tools/data/02_bam/lhy-D-rep2/lhy-D-rep2_ --outSAMtype BAM Unsorted --quantMode TranscriptomeSAM --twopassMode Basic --outSAMunmapped Within --outFilterType BySJout --quantTranscriptomeSAMoutput BanSingleEnd_ExtendSoftclip --outSAMattributes NH HI AS nM NM MD jM jI --sjdbOverhang 149 --alignIntronMin 20 --alignIntronMax 300000 --alignMatesGapMax 300000 --alignSJoverhangMin 8 --outFilterMismatchNoverReadLmax 0.04 --outFilterMismatchNmax 999 --outFilterMultimapNmax 20 --alignSJDBoverhangMin 1
[2026-03-15 04:21:59] INFO - Tool: Command completed successfully
[2026-03-15 04:21:59] INFO - Tool: Quantifying lhy-D-rep2 with Salmon
[2026-03-15 04:21:59] INFO - Tool: Running: salmon quant -t /sri/home/sri2025201067/test/gffread_transcript.fa -l A -a /sri/home/sri2025201067/test/rnaseq-tools/data/02_bam/lhy-D-rep2/lhy-D-rep2_Aligned.toTranscriptome.out.bam -o /sri/home/sri2025201067/test/rnaseq-tools/data/03_quant/lhy-D-rep2 -p 96 --seqBias --gcBias --posBias
[2026-03-15 04:23:31] INFO - Tool: Command completed successfully
[2026-03-15 04:23:31] INFO - rskit.core.pipeline: Completed sample: lhy-D-rep2
[2026-03-15 04:23:31] INFO - __main__: Pipeline completed. Results: {'lhy-D-rep2': {'alignment': {'bam': '/sri/home/sri2025201067/test/rnaseq-tools/data/02_bam/lhy-D-rep2/lhy-D-rep2_Aligned.out.bam', 'transcriptome_bam': '/sri/home/sri2025201067/test/rnaseq-tools/data/02_bam/lhy-D-rep2/lhy-D-rep2_Aligned.toTranscriptome.out.bam', 'log': '/sri/home/sri2025201067/test/rnaseq-tools/data/02_bam/lhy-D-rep2/lhy-D-rep2_Log.final.out'}, 'quantification': {'quant': '/sri/home/sri2025201067/test/rnaseq-tools/data/03_quant/lhy-D-rep2/quant.sf', 'lib_format_counts': '/sri/home/sri2025201067/test/rnaseq-tools/data/03_quant/lhy-D-rep2/lib_format_counts.json'}}}
[2026-03-15 04:23:32] INFO - rskit.core.pipeline: Checking STAR index at /sri/home/sri2025201067/test/STAR_Gmax_index
[2026-03-15 04:23:32] INFO - rskit.core.pipeline: Index found, skipping build
[2026-03-15 04:23:32] INFO - rskit.core.pipeline: Processing sample: lhy-D-rep1
[2026-03-15 04:23:32] INFO - Tool: Aligning lhy-D-rep1 with STAR
[2026-03-15 04:23:32] INFO - Tool: Running: STAR --runThreadN 96 --genomeDir /sri/home/sri2025201067/test/STAR_Gmax_index --readFilesIn /sri/home/sri2025201067/test/lhy-D-rep1_1 /sri/home/sri2025201067/test/lhy-D-rep1_2 --readFilesCommand cat --outFileNamePrefix /sri/home/sri2025201067/test/rnaseq-tools/data/02_bam/lhy-D-rep1/lhy-D-rep1_ --outSAMtype BAM Unsorted --quantMode TranscriptomeSAM --twopassMode Basic --outSAMunmapped Within --outFilterType BySJout --quantTranscriptomeSAMoutput BanSingleEnd_ExtendSoftclip --outSAMattributes NH HI AS nM NM MD jM jI --sjdbOverhang 149 --alignIntronMin 20 --alignIntronMax 300000 --alignMatesGapMax 300000 --alignSJoverhangMin 8 --outFilterMismatchNoverReadLmax 0.04 --outFilterMismatchNmax 999 --outFilterMultimapNmax 20 --alignSJDBoverhangMin 1
[2026-03-15 04:37:43] INFO - Tool: Command completed successfully
[2026-03-15 04:37:43] INFO - Tool: Quantifying lhy-D-rep1 with Salmon
[2026-03-15 04:37:43] INFO - Tool: Running: salmon quant -t /sri/home/sri2025201067/test/gffread_transcript.fa -l A -a /sri/home/sri2025201067/test/rnaseq-tools/data/02_bam/lhy-D-rep1/lhy-D-rep1_Aligned.toTranscriptome.out.bam -o /sri/home/sri2025201067/test/rnaseq-tools/data/03_quant/lhy-D-rep1 -p 96 --seqBias --gcBias --posBias
[2026-03-15 04:39:17] INFO - Tool: Command completed successfully
[2026-03-15 04:39:17] INFO - rskit.core.pipeline: Completed sample: lhy-D-rep1
[2026-03-15 04:39:17] INFO - __main__: Pipeline completed. Results: {'lhy-D-rep1': {'alignment': {'bam': '/sri/home/sri2025201067/test/rnaseq-tools/data/02_bam/lhy-D-rep1/lhy-D-rep1_Aligned.out.bam', 'transcriptome_bam': '/sri/home/sri2025201067/test/rnaseq-tools/data/02_bam/lhy-D-rep1/lhy-D-rep1_Aligned.toTranscriptome.out.bam', 'log': '/sri/home/sri2025201067/test/rnaseq-tools/data/02_bam/lhy-D-rep1/lhy-D-rep1_Log.final.out'}, 'quantification': {'quant': '/sri/home/sri2025201067/test/rnaseq-tools/data/03_quant/lhy-D-rep1/quant.sf', 'lib_format_counts': '/sri/home/sri2025201067/test/rnaseq-tools/data/03_quant/lhy-D-rep1/lib_format_counts.json'}}}
